<?xml version="1.0" encoding="UTF-8"?>
<!-- Generated by org.testng.reporters.JUnitReportReporter -->
<testsuite hostname="Medge461" failures="0" tests="1" name="com.runners.LoadingPageRunner" time="0.421" errors="0" timestamp="2022-07-01T22:45:21 GMT-07:00" skipped="0">
  <testcase classname="com.runners.LoadingPageRunner" name="TestingLandingPage" time="0.421"/>
  <system-out/>
</testsuite> <!-- com.runners.LoadingPageRunner -->
