<?xml version="1.0" encoding="UTF-8"?>
<!-- Generated by org.testng.reporters.JUnitReportReporter -->
<testsuite hostname="Medge461" failures="0" tests="2" name="com.runners.MobilePageRunner" time="3.467" errors="0" timestamp="2022-07-02T20:08:55 GMT-07:00" skipped="0">
  <testcase classname="com.runners.MobilePageRunner" name="windowofMobilePage" time="0.001"/>
  <system-out/>
  <testcase classname="com.runners.MobilePageRunner" name="NavigatingToMobilePage" time="3.466"/>
  <system-out/>
</testsuite> <!-- com.runners.MobilePageRunner -->
